<?xml version="1.0" encoding="UTF-8"?>
<testsuite xmlns:xsi="http://www.w3.org/2001/XMLSchema-instance" xsi:noNamespaceSchemaLocation="https://maven.apache.org/surefire/maven-surefire-plugin/xsd/surefire-test-report.xsd" name="com.challenge.suite.ChallengeTestSuite" time="4.712" tests="18" errors="0" skipped="0" failures="0">
  <properties>
[...]
</properties>
  <testcase name="whenFindByCompanyId" classname="com.challenge.suite.AccelerationServiceTest" time="0.186"/>
  <testcase name="whenFindById" classname="com.challenge.suite.AccelerationServiceTest" time="0.02"/>
  <testcase name="whenFindByCompanyId" classname="com.challenge.suite.CandidateServiceTest" time="0.036"/>
  <testcase name="whenFindById" classname="com.challenge.suite.CandidateServiceTest" time="0.046"/>
  <testcase name="whenFindByAccelerationId" classname="com.challenge.suite.CandidateServiceTest" time="0.021"/>
  <testcase name="whenFindByIdThenNotFound" classname="com.challenge.suite.CandidateServiceTest" time="0.02"/>
  <testcase name="whenFindByAccelerationIdAndUserId" classname="com.challenge.suite.ChallengeServiceTest" time="0.025"/>
  <testcase name="whenFindById" classname="com.challenge.suite.CompanyServiceTest" time="0.017"/>
  <testcase name="whenFindByAccelerationId" classname="com.challenge.suite.CompanyServiceTest" time="0.022"/>
  <testcase name="whenFindByIdThenNotFound" classname="com.challenge.suite.CompanyServiceTest" time="0.01"/>
  <testcase name="whenFindByUserId" classname="com.challenge.suite.CompanyServiceTest" time="0.021"/>
  <testcase name="whenFindByChallengeIdAndAccelerationId" classname="com.challenge.suite.SubmissionServiceTest" time="0.037"/>
  <testcase name="whenFindHigherScoreByChallengeIdReturnNotFound" classname="com.challenge.suite.SubmissionServiceTest" time="0.016"/>
  <testcase name="whenFindHigherScoreByChallengeId" classname="com.challenge.suite.SubmissionServiceTest" time="0.018"/>
  <testcase name="whenFindByCompanyId" classname="com.challenge.suite.UserServiceTest" time="0.015"/>
  <testcase name="whenFindById" classname="com.challenge.suite.UserServiceTest" time="0.017"/>
  <testcase name="whenFindByAccelerationName" classname="com.challenge.suite.UserServiceTest" time="0.018"/>
  <testcase name="whenSave" classname="com.challenge.suite.UserServiceTest" time="0.077"/>
</testsuite>